<?xml version="1.0" encoding="UTF-8"?>
<testng-results skipped="0" failed="0" ignored="0" total="4" passed="4">
  <reporter-output>
  </reporter-output>
  <suite name="My suite" duration-ms="60797" started-at="2020-05-03T07:19:05Z" finished-at="2020-05-03T07:20:06Z">
    <groups>
    </groups>
    <test name="Compra" duration-ms="58064" started-at="2020-05-03T07:19:05Z" finished-at="2020-05-03T07:20:03Z">
      <class name="test">
        <test-method status="PASS" signature="abrirDriver()[pri:0, instance:test@6cc4c815]" name="abrirDriver" is-config="true" duration-ms="19778" started-at="2020-05-03T07:19:05Z" finished-at="2020-05-03T07:19:25Z">
          <reporter-output>
          </reporter-output>
        </test-method> <!-- abrirDriver -->
        <test-method status="PASS" signature="hacer_una_compra()[pri:0, instance:test@6cc4c815]" name="hacer_una_compra" duration-ms="38045" started-at="2020-05-03T07:19:25Z" finished-at="2020-05-03T07:20:03Z">
          <reporter-output>
          </reporter-output>
        </test-method> <!-- hacer_una_compra -->
        <test-method status="PASS" signature="cerrarDriver()[pri:0, instance:test@6cc4c815]" name="cerrarDriver" is-config="true" duration-ms="221" started-at="2020-05-03T07:20:03Z" finished-at="2020-05-03T07:20:03Z">
          <reporter-output>
          </reporter-output>
        </test-method> <!-- cerrarDriver -->
      </class> <!-- test -->
    </test> <!-- Compra -->
    <test name="Compra2" duration-ms="58583" started-at="2020-05-03T07:19:05Z" finished-at="2020-05-03T07:20:04Z">
      <class name="test2">
        <test-method status="PASS" signature="abrirDriver()[pri:0, instance:test2@39aeed2f]" name="abrirDriver" is-config="true" duration-ms="19769" started-at="2020-05-03T07:19:05Z" finished-at="2020-05-03T07:19:25Z">
          <reporter-output>
          </reporter-output>
        </test-method> <!-- abrirDriver -->
        <test-method status="PASS" signature="hacer_una_compra()[pri:0, instance:test2@39aeed2f]" name="hacer_una_compra" duration-ms="38443" started-at="2020-05-03T07:19:25Z" finished-at="2020-05-03T07:20:03Z">
          <reporter-output>
          </reporter-output>
        </test-method> <!-- hacer_una_compra -->
        <test-method status="PASS" signature="cerrarDriver()[pri:0, instance:test2@39aeed2f]" name="cerrarDriver" is-config="true" duration-ms="344" started-at="2020-05-03T07:20:03Z" finished-at="2020-05-03T07:20:04Z">
          <reporter-output>
          </reporter-output>
        </test-method> <!-- cerrarDriver -->
      </class> <!-- test2 -->
    </test> <!-- Compra2 -->
    <test name="Compra3" duration-ms="60312" started-at="2020-05-03T07:19:05Z" finished-at="2020-05-03T07:20:05Z">
      <class name="test3">
        <test-method status="PASS" signature="abrirDriver()[pri:0, instance:test3@55f3ddb1]" name="abrirDriver" is-config="true" duration-ms="19824" started-at="2020-05-03T07:19:05Z" finished-at="2020-05-03T07:19:25Z">
          <reporter-output>
          </reporter-output>
        </test-method> <!-- abrirDriver -->
        <test-method status="PASS" signature="hacer_una_compra()[pri:0, instance:test3@55f3ddb1]" name="hacer_una_compra" duration-ms="40378" started-at="2020-05-03T07:19:25Z" finished-at="2020-05-03T07:20:05Z">
          <reporter-output>
          </reporter-output>
        </test-method> <!-- hacer_una_compra -->
        <test-method status="PASS" signature="cerrarDriver()[pri:0, instance:test3@55f3ddb1]" name="cerrarDriver" is-config="true" duration-ms="108" started-at="2020-05-03T07:20:05Z" finished-at="2020-05-03T07:20:05Z">
          <reporter-output>
          </reporter-output>
        </test-method> <!-- cerrarDriver -->
      </class> <!-- test3 -->
    </test> <!-- Compra3 -->
    <test name="Compra4" duration-ms="60797" started-at="2020-05-03T07:19:05Z" finished-at="2020-05-03T07:20:06Z">
      <class name="test4">
        <test-method status="PASS" signature="abrirDriver()[pri:0, instance:test4@1d057a39]" name="abrirDriver" is-config="true" duration-ms="19854" started-at="2020-05-03T07:19:05Z" finished-at="2020-05-03T07:19:25Z">
          <reporter-output>
          </reporter-output>
        </test-method> <!-- abrirDriver -->
        <test-method status="PASS" signature="hacer_una_compra()[pri:0, instance:test4@1d057a39]" name="hacer_una_compra" duration-ms="40707" started-at="2020-05-03T07:19:25Z" finished-at="2020-05-03T07:20:06Z">
          <reporter-output>
          </reporter-output>
        </test-method> <!-- hacer_una_compra -->
        <test-method status="PASS" signature="cerrarDriver()[pri:0, instance:test4@1d057a39]" name="cerrarDriver" is-config="true" duration-ms="234" started-at="2020-05-03T07:20:06Z" finished-at="2020-05-03T07:20:06Z">
          <reporter-output>
          </reporter-output>
        </test-method> <!-- cerrarDriver -->
      </class> <!-- test4 -->
    </test> <!-- Compra4 -->
  </suite> <!-- My suite -->
</testng-results>
